<?xml version="1.0" encoding="UTF-8"?>
<!-- Generated by org.testng.reporters.JUnitReportReporter -->
<testsuite hostname="btklinh" failures="0" tests="1" name="orangehrm.admin.job.PayGrades_Operation" time="7.411" errors="0" timestamp="03 Oct 2022 06:47:48 GMT" skipped="0">
  <testcase classname="orangehrm.admin.job.PayGrades_Operation" name="TC_06_Verify_Delete_Pay_Grade" time="7.411"/>
</testsuite> <!-- orangehrm.admin.job.PayGrades_Operation -->
