<?xml version="1.0" encoding="UTF-8"?>
<!-- Generated by org.testng.reporters.JUnitReportReporter -->
<testsuite hostname="DESKTOP-OVC9B5E" failures="0" tests="4" name="orangehrm.admin.job.PayGrades_Operation" time="68.893" errors="0" timestamp="26 thg 9 2022 15:00:02 GMT" skipped="0">
  <testcase classname="orangehrm.admin.job.PayGrades_Operation" name="TC_01_Verify_Add_Pay_Grade" time="5.875"/>
  <testcase classname="orangehrm.admin.job.PayGrades_Operation" name="TC_03_Verify_Edit_Currency" time="14.773"/>
  <testcase classname="orangehrm.admin.job.PayGrades_Operation" name="TC_04_Verify_Delete_Currency" time="20.025"/>
  <testcase classname="orangehrm.admin.job.PayGrades_Operation" name="TC_02_Verify_Add_Currency" time="28.220"/>
</testsuite> <!-- orangehrm.admin.job.PayGrades_Operation -->
