<?xml version="1.0" encoding="UTF-8"?>
<!-- Generated by org.testng.reporters.JUnitReportReporter -->
<testsuite hostname="DESKTOP-OVC9B5E" failures="0" tests="1" name="orangehrm.admin.job.PayGrades_Operation" time="31.974" errors="0" timestamp="25 thg 9 2022 18:14:50 GMT" skipped="0">
  <testcase classname="orangehrm.admin.job.PayGrades_Operation" name="TC_02_Verify_Add_Currency" time="31.974"/>
</testsuite> <!-- orangehrm.admin.job.PayGrades_Operation -->
