<?xml version="1.0" encoding="UTF-8"?>
<!-- Generated by org.testng.reporters.JUnitReportReporter -->
<testsuite hostname="DESKTOP-OVC9B5E" failures="0" tests="4" name="orangehrm.admin.job.JobTitle_Validation" time="28.412" errors="0" timestamp="17 Oct 2022 18:57:38 GMT" skipped="0">
  <testcase classname="orangehrm.admin.job.JobTitle_Validation" name="TC_04_File_Extension_Wrong_Format" time="9.473"/>
  <testcase classname="orangehrm.admin.job.JobTitle_Validation" name="TC_03_File_Size_Cannot_More_Than_1MB" time="9.514"/>
  <testcase classname="orangehrm.admin.job.JobTitle_Validation" name="TC_01_Job_Title_Cannot_Be_Blank" time="2.876"/>
  <testcase classname="orangehrm.admin.job.JobTitle_Validation" name="TC_02_Job_Title_Cannot_More_Than_100_Characters" time="6.549"/>
</testsuite> <!-- orangehrm.admin.job.JobTitle_Validation -->
