<?xml version="1.0" encoding="UTF-8"?>
<!-- Generated by org.testng.reporters.JUnitReportReporter -->
<testsuite hostname="DESKTOP-TQ8O19B" failures="0" tests="6" name="orangehrm.admin.job.JobTitle_Operation" time="49.893" errors="0" timestamp="22 Oct 2022 18:57:32 GMT" skipped="0">
  <testcase classname="orangehrm.admin.job.JobTitle_Operation" name="TC_02_Verify_Edit_Job_Title" time="5.551"/>
  <testcase classname="orangehrm.admin.job.JobTitle_Operation" name="TC_01_Verify_Add_Job_Title" time="8.877"/>
  <testcase classname="orangehrm.admin.job.JobTitle_Operation" name="TC_06_Verify_Delete_Operation" time="9.125"/>
  <testcase classname="orangehrm.admin.job.JobTitle_Operation" name="TC_03_Verify_Edit_Job_Specification_File" time="9.745"/>
  <testcase classname="orangehrm.admin.job.JobTitle_Operation" name="TC_04_Verify_Delete_Job_Specification_File" time="12.500"/>
  <testcase classname="orangehrm.admin.job.JobTitle_Operation" name="TC_05_Job_Title_Cannot_Be_Duplicated" time="4.095"/>
</testsuite> <!-- orangehrm.admin.job.JobTitle_Operation -->
