<?xml version="1.0" encoding="UTF-8"?>
<!-- Generated by org.testng.reporters.JUnitReportReporter -->
<testsuite hostname="btklinh" failures="0" tests="4" name="orangehrm.admin.job.JobTitle_Validation" time="23.166" errors="0" timestamp="03 Oct 2022 09:28:36 GMT" skipped="0">
  <testcase classname="orangehrm.admin.job.JobTitle_Validation" name="TC_03_File_Size_Cannot_More_Than_1MB" time="8.026"/>
  <testcase classname="orangehrm.admin.job.JobTitle_Validation" name="TC_02_Job_Title_Cannot_More_Than_100_Characters" time="4.922"/>
  <testcase classname="orangehrm.admin.job.JobTitle_Validation" name="TC_04_File_Extension_Wrong_Format" time="7.858"/>
  <testcase classname="orangehrm.admin.job.JobTitle_Validation" name="TC_01_Job_Title_Cannot_Be_Blank" time="2.360"/>
</testsuite> <!-- orangehrm.admin.job.JobTitle_Validation -->
