<?xml version="1.0" encoding="UTF-8"?>
<!-- Generated by org.testng.reporters.JUnitReportReporter -->
<testsuite hostname="DESKTOP-TQ8O19B" failures="0" tests="6" name="orangehrm.admin.job.JobTitle_Operation" time="51.109" errors="0" timestamp="29 Oct 2022 19:09:48 GMT" skipped="0">
  <testcase classname="orangehrm.admin.job.JobTitle_Operation" name="TC_02_Verify_Edit_Job_Title" time="5.533"/>
  <testcase classname="orangehrm.admin.job.JobTitle_Operation" name="TC_06_Verify_Delete_Operation" time="9.183"/>
  <testcase classname="orangehrm.admin.job.JobTitle_Operation" name="TC_01_Verify_Add_Job_Title" time="9.804"/>
  <testcase classname="orangehrm.admin.job.JobTitle_Operation" name="TC_03_Verify_Edit_Job_Specification_File" time="9.751"/>
  <testcase classname="orangehrm.admin.job.JobTitle_Operation" name="TC_04_Verify_Delete_Job_Specification_File" time="12.747"/>
  <testcase classname="orangehrm.admin.job.JobTitle_Operation" name="TC_05_Job_Title_Cannot_Be_Duplicated" time="4.091"/>
</testsuite> <!-- orangehrm.admin.job.JobTitle_Operation -->
