<?xml version="1.0" encoding="UTF-8"?>
<!-- Generated by org.testng.reporters.JUnitReportReporter -->
<testsuite hostname="DESKTOP-TQ8O19B" failures="0" tests="2" name="orangehrm.pim.Employee_Add" time="21.901" errors="0" timestamp="22 Oct 2022 18:50:19 GMT" skipped="0">
  <testcase classname="orangehrm.pim.Employee_Add" name="TC_01_Verify_Add_Employee" time="14.687"/>
  <testcase classname="orangehrm.pim.Employee_Add" name="TC_02_Verify_Edit_Personal_Details" time="7.214"/>
</testsuite> <!-- orangehrm.pim.Employee_Add -->
