<?xml version="1.0" encoding="UTF-8"?>
<!-- Generated by org.testng.reporters.JUnitReportReporter -->
<testsuite hostname="DESKTOP-TQ8O19B" failures="0" tests="2" name="orangehrm.pim.Employee_Add" time="22.528" errors="0" timestamp="29 Oct 2022 19:09:48 GMT" skipped="0">
  <testcase classname="orangehrm.pim.Employee_Add" name="TC_02_Verify_Edit_Personal_Details" time="7.631"/>
  <testcase classname="orangehrm.pim.Employee_Add" name="TC_01_Verify_Add_Employee" time="14.897"/>
</testsuite> <!-- orangehrm.pim.Employee_Add -->
