<?xml version="1.0" encoding="UTF-8"?>
<!-- Generated by org.testng.reporters.JUnitReportReporter -->
<testsuite hostname="DESKTOP-TQ8O19B" failures="0" tests="6" name="orangehrm.page.Admin_Page_Access_01" time="8.649" errors="0" timestamp="29 Oct 2022 19:09:48 GMT" skipped="0">
  <testcase classname="orangehrm.page.Admin_Page_Access_01" name="TC_04_Verify_Job_Employee_Status_Page" time="1.113"/>
  <testcase classname="orangehrm.page.Admin_Page_Access_01" name="TC_06_Verify_Job_Work_Shifts_Page" time="1.117"/>
  <testcase classname="orangehrm.page.Admin_Page_Access_01" name="TC_02_Verify_Job_Titles_Page" time="1.145"/>
  <testcase classname="orangehrm.page.Admin_Page_Access_01" name="TC_05_Verify_Job_Job_Categories_Page" time="1.109"/>
  <testcase classname="orangehrm.page.Admin_Page_Access_01" name="TC_01_Verify_Access_User_Page" time="3.058"/>
  <testcase classname="orangehrm.page.Admin_Page_Access_01" name="TC_03_Verify_Job_Pay_Grades_Page" time="1.107"/>
</testsuite> <!-- orangehrm.page.Admin_Page_Access_01 -->
