<?xml version="1.0" encoding="UTF-8"?>
<!-- Generated by org.testng.reporters.JUnitReportReporter -->
<testsuite hostname="btklinh" failures="0" tests="5" name="orangehrm.admin.job.PayGrades_Operation" time="82.270" errors="0" timestamp="27 Sep 2022 04:31:36 GMT" skipped="0">
  <testcase classname="orangehrm.admin.job.PayGrades_Operation" name="TC_01_Verify_Add_Pay_Grade" time="6.079"/>
  <testcase classname="orangehrm.admin.job.PayGrades_Operation" name="TC_03_Verify_Edit_Currency" time="15.529"/>
  <testcase classname="orangehrm.admin.job.PayGrades_Operation" name="TC_05_Verify_Edit_Pay_Grades" time="10.248"/>
  <testcase classname="orangehrm.admin.job.PayGrades_Operation" name="TC_04_Verify_Delete_Currency" time="19.595"/>
  <testcase classname="orangehrm.admin.job.PayGrades_Operation" name="TC_02_Verify_Add_Currency" time="30.819"/>
</testsuite> <!-- orangehrm.admin.job.PayGrades_Operation -->
