<?xml version="1.0" encoding="UTF-8"?>
<!-- Generated by org.testng.reporters.JUnitReportReporter -->
<testsuite hostname="btklinh" failures="0" tests="2" name="orangehrm.page.Admin_Page_Access_01" time="9.191" errors="0" timestamp="23 Sep 2022 08:52:56 GMT" skipped="0">
  <testcase classname="orangehrm.page.Admin_Page_Access_01" name="TC_02_Verify_Job_Titles_Page" time="1.311"/>
  <testcase classname="orangehrm.page.Admin_Page_Access_01" name="TC_01_Verify_Access_User_Page" time="7.880"/>
</testsuite> <!-- orangehrm.page.Admin_Page_Access_01 -->
