<?xml version="1.0" encoding="UTF-8"?>
<!-- Generated by org.testng.reporters.JUnitReportReporter -->
<testsuite hostname="DESKTOP-OVC9B5E" failures="0" tests="2" name="orangehrm.pim.Employee_Add" time="34.124" errors="0" timestamp="17 Oct 2022 18:57:38 GMT" skipped="0">
  <testcase classname="orangehrm.pim.Employee_Add" name="TC_01_Verify_Add_Employee" time="20.643"/>
  <testcase classname="orangehrm.pim.Employee_Add" name="TC_02_Verify_Edit_Personal_Details" time="13.481"/>
</testsuite> <!-- orangehrm.pim.Employee_Add -->
