<?xml version="1.0" encoding="UTF-8"?>
<!-- Generated by org.testng.reporters.JUnitReportReporter -->
<testsuite hostname="btklinh" failures="0" tests="1" name="orangehrm.page.Admin_Page_Access" time="8.528" errors="0" timestamp="23 Sep 2022 07:30:13 GMT" skipped="0">
  <testcase classname="orangehrm.page.Admin_Page_Access" name="TC_01_Verify_Access_User_Page" time="8.528"/>
</testsuite> <!-- orangehrm.page.Admin_Page_Access -->
