<?xml version="1.0" encoding="UTF-8"?>
<!-- Generated by org.testng.reporters.JUnitReportReporter -->
<testsuite hostname="DESKTOP-OVC9B5E" failures="0" tests="1" name="test.test" time="0.109" errors="0" timestamp="03 Oct 2022 18:19:54 GMT" skipped="0">
  <testcase classname="test.test" name="TestBasic" time="0.109"/>
</testsuite> <!-- test.test -->
