<?xml version="1.0" encoding="UTF-8"?>
<!-- Generated by org.testng.reporters.JUnitReportReporter -->
<testsuite hostname="DESKTOP-OVC9B5E" failures="0" tests="1" name="orangehrm.pim.Employee_Add" time="15.773" errors="0" timestamp="15 Oct 2022 21:03:06 GMT" skipped="0">
  <testcase classname="orangehrm.pim.Employee_Add" name="TC_02_Verify_Edit_Personal_Details" time="15.773"/>
</testsuite> <!-- orangehrm.pim.Employee_Add -->
