<?xml version="1.0" encoding="UTF-8"?>
<!-- Generated by org.testng.reporters.JUnitReportReporter -->
<testsuite hostname="DESKTOP-TQ8O19B" failures="0" tests="1" name="orangehrm.admin.job.WorkShift_Operation" time="7.378" errors="0" timestamp="22 Oct 2022 18:26:37 GMT" skipped="0">
  <testcase classname="orangehrm.admin.job.WorkShift_Operation" name="TC_01_Verify_Add_Work_Shift" time="7.378"/>
</testsuite> <!-- orangehrm.admin.job.WorkShift_Operation -->
