<?xml version="1.0" encoding="UTF-8"?>
<!-- Generated by org.testng.reporters.JUnitReportReporter -->
<testsuite hostname="DESKTOP-OVC9B5E" failures="0" tests="2" name="orangehrm.admin.job.JobTitle_Work_Flow" time="16.787" errors="0" timestamp="24 thg 9 2022 09:55:24 GMT" skipped="0">
  <testcase classname="orangehrm.admin.job.JobTitle_Work_Flow" name="TC_02_Verify_Edit_Job_Title" time="9.800"/>
  <testcase classname="orangehrm.admin.job.JobTitle_Work_Flow" name="TC_01_Verify_Add_Job_Title" time="6.987"/>
</testsuite> <!-- orangehrm.admin.job.JobTitle_Work_Flow -->
