<?xml version="1.0" encoding="UTF-8"?>
<!-- Generated by org.testng.reporters.JUnitReportReporter -->
<testsuite hostname="DESKTOP-OVC9B5E" failures="0" tests="1" name="test.databaseTestConnection" time="0.092" errors="0" timestamp="03 Oct 2022 18:04:22 GMT" skipped="0">
  <testcase classname="test.databaseTestConnection" name="test" time="0.092"/>
</testsuite> <!-- test.databaseTestConnection -->
