<?xml version="1.0" encoding="UTF-8"?>
<!-- Generated by org.testng.reporters.JUnitReportReporter -->
<testsuite hostname="DESKTOP-TQ8O19B" failures="0" tests="1" name="orangehrm.admin.job.EmploymentStatus_Operation" time="4.764" errors="0" timestamp="29 Oct 2022 19:44:21 GMT" skipped="0">
  <testcase classname="orangehrm.admin.job.EmploymentStatus_Operation" name="TC_01_Verify_Add_Employment_Status" time="4.764"/>
</testsuite> <!-- orangehrm.admin.job.EmploymentStatus_Operation -->
