<?xml version="1.0" encoding="UTF-8"?>
<!-- Generated by org.testng.reporters.JUnitReportReporter -->
<testsuite hostname="DESKTOP-OVC9B5E" failures="0" tests="1" name="test.test" time="8.455" errors="0" timestamp="25 thg 9 2022 07:28:04 GMT" skipped="0">
  <testcase classname="test.test" name="test1" time="8.455"/>
</testsuite> <!-- test.test -->
