<?xml version="1.0" encoding="UTF-8"?>
<!-- Generated by org.testng.reporters.JUnitReportReporter -->
<testsuite hostname="btklinh" failures="0" tests="3" name="orangehrm.admin.job.PayGrades_Operation" time="48.601" errors="0" timestamp="26 Sep 2022 08:15:19 GMT" skipped="0">
  <testcase classname="orangehrm.admin.job.PayGrades_Operation" name="TC_03_Verify_Edit_Currency" time="15.013"/>
  <testcase classname="orangehrm.admin.job.PayGrades_Operation" name="TC_01_Verify_Add_Pay_Grade" time="5.192"/>
  <testcase classname="orangehrm.admin.job.PayGrades_Operation" name="TC_02_Verify_Add_Currency" time="28.396"/>
</testsuite> <!-- orangehrm.admin.job.PayGrades_Operation -->
