<?xml version="1.0" encoding="UTF-8"?>
<!-- Generated by org.testng.reporters.JUnitReportReporter -->
<testsuite hostname="DESKTOP-OVC9B5E" failures="0" tests="1" name="orangehrm.admin.organization.Location_Operation" time="1.619" errors="0" timestamp="24 thg 9 2022 20:02:27 GMT" skipped="0">
  <testcase classname="orangehrm.admin.organization.Location_Operation" name="TC_04_Verify_Search_Existed_Location_By_Name" time="1.619"/>
</testsuite> <!-- orangehrm.admin.organization.Location_Operation -->
