<?xml version="1.0" encoding="UTF-8"?>
<!-- Generated by org.testng.reporters.JUnitReportReporter -->
<testsuite hostname="DESKTOP-OVC9B5E" failures="0" tests="6" name="orangehrm.page.Admin_Page_Access_01" time="21.804" errors="0" timestamp="23 thg 9 2022 14:16:07 GMT" skipped="0">
  <testcase classname="orangehrm.page.Admin_Page_Access_01" name="TC_05_Verify_Job_Job_Categories_Page" time="2.243"/>
  <testcase classname="orangehrm.page.Admin_Page_Access_01" name="TC_06_Verify_Job_Work_Shifts_Page" time="2.653"/>
  <testcase classname="orangehrm.page.Admin_Page_Access_01" name="TC_01_Verify_Access_User_Page" time="10.333"/>
  <testcase classname="orangehrm.page.Admin_Page_Access_01" name="TC_03_Verify_Job_Pay_Grades_Page" time="2.333"/>
  <testcase classname="orangehrm.page.Admin_Page_Access_01" name="TC_02_Verify_Job_Titles_Page" time="2.136"/>
  <testcase classname="orangehrm.page.Admin_Page_Access_01" name="TC_04_Verify_Job_Employee_Status_Page" time="2.106"/>
</testsuite> <!-- orangehrm.page.Admin_Page_Access_01 -->
