<?xml version="1.0" encoding="UTF-8"?>
<!-- Generated by org.testng.reporters.JUnitReportReporter -->
<testsuite hostname="btklinh" failures="0" tests="6" name="orangehrm.admin.job.JobTitle_Operation" time="52.445" errors="0" timestamp="03 Oct 2022 08:14:15 GMT" skipped="0">
  <testcase classname="orangehrm.admin.job.JobTitle_Operation" name="TC_02_Verify_Edit_Job_Title" time="6.625"/>
  <testcase classname="orangehrm.admin.job.JobTitle_Operation" name="TC_03_Verify_Edit_Job_Specification_File" time="10.819"/>
  <testcase classname="orangehrm.admin.job.JobTitle_Operation" name="TC_01_Verify_Add_Job_Title" time="10.141"/>
  <testcase classname="orangehrm.admin.job.JobTitle_Operation" name="TC_04_Verify_Delete_Job_Specification_File" time="13.617"/>
  <testcase classname="orangehrm.admin.job.JobTitle_Operation" name="TC_06_Verify_Delete_Operation" time="6.623"/>
  <testcase classname="orangehrm.admin.job.JobTitle_Operation" name="TC_05_Job_Title_Cannot_Be_Duplicated" time="4.620"/>
</testsuite> <!-- orangehrm.admin.job.JobTitle_Operation -->
