<?xml version="1.0" encoding="UTF-8"?>
<!-- Generated by org.testng.reporters.JUnitReportReporter -->
<testsuite hostname="DESKTOP-OVC9B5E" failures="0" tests="1" name="orangehrm.admin.job.JobTitle_Work_Flow" time="5.971" errors="0" timestamp="23 thg 9 2022 15:30:53 GMT" skipped="0">
  <testcase classname="orangehrm.admin.job.JobTitle_Work_Flow" name="TC_01_Verify_Add_Job_Title" time="5.971"/>
</testsuite> <!-- orangehrm.admin.job.JobTitle_Work_Flow -->
