<?xml version="1.0" encoding="UTF-8"?>
<!-- Generated by org.testng.reporters.JUnitReportReporter -->
<testsuite hostname="DESKTOP-TQ8O19B" failures="0" tests="4" name="orangehrm.admin.job.JobTitle_Validation" time="21.152" errors="0" timestamp="22 Oct 2022 18:54:51 GMT" skipped="0">
  <testcase classname="orangehrm.admin.job.JobTitle_Validation" name="TC_04_File_Extension_Wrong_Format" time="7.154"/>
  <testcase classname="orangehrm.admin.job.JobTitle_Validation" name="TC_03_File_Size_Cannot_More_Than_1MB" time="7.942"/>
  <testcase classname="orangehrm.admin.job.JobTitle_Validation" name="TC_02_Job_Title_Cannot_More_Than_100_Characters" time="4.238"/>
  <testcase classname="orangehrm.admin.job.JobTitle_Validation" name="TC_01_Job_Title_Cannot_Be_Blank" time="1.818"/>
</testsuite> <!-- orangehrm.admin.job.JobTitle_Validation -->
