<?xml version="1.0" encoding="UTF-8"?>
<!-- Generated by org.testng.reporters.JUnitReportReporter -->
<testsuite hostname="DESKTOP-OVC9B5E" failures="0" tests="6" name="orangehrm.admin.job.JobTitle_Operation" time="75.390" errors="0" timestamp="17 Oct 2022 18:57:38 GMT" skipped="0">
  <testcase classname="orangehrm.admin.job.JobTitle_Operation" name="TC_03_Verify_Edit_Job_Specification_File" time="14.712"/>
  <testcase classname="orangehrm.admin.job.JobTitle_Operation" name="TC_01_Verify_Add_Job_Title" time="15.789"/>
  <testcase classname="orangehrm.admin.job.JobTitle_Operation" name="TC_02_Verify_Edit_Job_Title" time="11.358"/>
  <testcase classname="orangehrm.admin.job.JobTitle_Operation" name="TC_05_Job_Title_Cannot_Be_Duplicated" time="6.533"/>
  <testcase classname="orangehrm.admin.job.JobTitle_Operation" name="TC_04_Verify_Delete_Job_Specification_File" time="16.324"/>
  <testcase classname="orangehrm.admin.job.JobTitle_Operation" name="TC_06_Verify_Delete_Operation" time="10.674"/>
</testsuite> <!-- orangehrm.admin.job.JobTitle_Operation -->
