<?xml version="1.0" encoding="UTF-8"?>
<!-- Generated by org.testng.reporters.JUnitReportReporter -->
<testsuite hostname="btklinh" failures="0" tests="1" name="orangehrm.admin.job.WorkShift_Operation" time="8.254" errors="0" timestamp="05 Oct 2022 10:46:28 GMT" skipped="0">
  <testcase classname="orangehrm.admin.job.WorkShift_Operation" name="TC_01_Verify_Add_Work_Shift" time="8.254"/>
</testsuite> <!-- orangehrm.admin.job.WorkShift_Operation -->
