<?xml version="1.0" encoding="UTF-8"?>
<!-- Generated by org.testng.reporters.JUnitReportReporter -->
<testsuite hostname="DESKTOP-TQ8O19B" failures="0" tests="6" name="orangehrm.admin.job.PayGrades_Operation" time="81.474" errors="0" timestamp="29 Oct 2022 19:09:48 GMT" skipped="0">
  <testcase classname="orangehrm.admin.job.PayGrades_Operation" name="TC_02_Verify_Add_Currency" time="25.762"/>
  <testcase classname="orangehrm.admin.job.PayGrades_Operation" name="TC_01_Verify_Add_Pay_Grade" time="4.191"/>
  <testcase classname="orangehrm.admin.job.PayGrades_Operation" name="TC_05_Verify_Edit_Pay_Grades" time="7.912"/>
  <testcase classname="orangehrm.admin.job.PayGrades_Operation" name="TC_04_Verify_Delete_Currency" time="19.599"/>
  <testcase classname="orangehrm.admin.job.PayGrades_Operation" name="TC_06_Verify_Delete_Pay_Grade" time="9.657"/>
  <testcase classname="orangehrm.admin.job.PayGrades_Operation" name="TC_03_Verify_Edit_Currency" time="14.353"/>
</testsuite> <!-- orangehrm.admin.job.PayGrades_Operation -->
