<?xml version="1.0" encoding="UTF-8"?>
<!-- Generated by org.testng.reporters.JUnitReportReporter -->
<testsuite hostname="DESKTOP-OVC9B5E" failures="0" tests="1" name="orangehrm.admin.job.WorkShift_Operation" time="11.147" errors="0" timestamp="17 Oct 2022 18:57:38 GMT" skipped="0">
  <testcase classname="orangehrm.admin.job.WorkShift_Operation" name="TC_01_Verify_Add_Work_Shift" time="11.147"/>
</testsuite> <!-- orangehrm.admin.job.WorkShift_Operation -->
