<?xml version="1.0" encoding="UTF-8"?>
<!-- Generated by org.testng.reporters.JUnitReportReporter -->
<testsuite hostname="DESKTOP-OVC9B5E" failures="0" tests="5" name="orangehrm.admin.job.JobTitle_Work_Flow" time="48.707" errors="0" timestamp="24 thg 9 2022 18:54:31 GMT" skipped="0">
  <testcase classname="orangehrm.admin.job.JobTitle_Work_Flow" name="TC_02_Verify_Edit_Job_Title" time="6.758"/>
  <testcase classname="orangehrm.admin.job.JobTitle_Work_Flow" name="TC_03_Verify_Edit_Job_Specification_File" time="10.668"/>
  <testcase classname="orangehrm.admin.job.JobTitle_Work_Flow" name="TC_01_Verify_Add_Job_Title" time="10.541"/>
  <testcase classname="orangehrm.admin.job.JobTitle_Work_Flow" name="TC_05_Verify_Delete_Operation" time="6.531"/>
  <testcase classname="orangehrm.admin.job.JobTitle_Work_Flow" name="TC_04_Verify_Delete_Job_Specification_File" time="14.209"/>
</testsuite> <!-- orangehrm.admin.job.JobTitle_Work_Flow -->
