<?xml version="1.0" encoding="UTF-8"?>
<!-- Generated by org.testng.reporters.JUnitReportReporter -->
<testsuite hostname="DESKTOP-OVC9B5E" failures="0" tests="1" name="orangehrm.page.LoginPage_001" time="26.840" errors="0" timestamp="22 thg 9 2022 18:54:31 GMT" skipped="0">
  <testcase classname="orangehrm.page.LoginPage_001" name="TC_01_Login_Success" time="26.840"/>
</testsuite> <!-- orangehrm.page.LoginPage_001 -->
