<?xml version="1.0" encoding="UTF-8"?>
<!-- Generated by org.testng.reporters.JUnitReportReporter -->
<testsuite hostname="btklinh" failures="0" tests="1" name="orangehrm.login.LoginPage_Login" time="13.768" errors="0" timestamp="23 Sep 2022 04:39:37 GMT" skipped="0">
  <testcase classname="orangehrm.login.LoginPage_Login" name="TC_01_Login_Success" time="13.768"/>
</testsuite> <!-- orangehrm.login.LoginPage_Login -->
